2020-11-02 06:43:29 INFO: Starting the execution for password expiry mail notification.
2020-11-02 06:43:29 INFO: Validating the input file./Users.csv
2020-11-02 06:43:29 INFO: Validating the configuration file./Settings.xml
2020-11-02 06:43:29 INFO: Getting users from active directory server adserver.domain.local
2020-11-02 07:42:53 INFO: Starting the execution for password expiry mail notification.
2020-11-02 07:42:53 INFO: Validating the input file./Users.csv
2020-11-02 07:42:53 ERROR: Completed validating input file ./Users.csv
2020-11-02 07:42:53 INFO: Validating the configuration file./Settings.xml
2020-11-02 07:42:53 ERROR: Completed validating configuration file ./Settings.xml
2020-11-02 07:42:53 INFO: Getting users from active directory server adserver.domain.local
2020-11-02 07:42:53 ERROR: The term 'Get-ADUser' is not recognized as the name of a cmdlet, function, script file, or operable program.
Check the spelling of the name, or if a path was included, verify that the path is correct and try again.
2020-11-02 07:42:53 INFO: Unhandled exception occured. Exiting application.
2020-11-02 07:58:49 INFO: Starting the execution for password expiry mail notification.
2020-11-02 07:58:49 INFO: Validating the input file./Users.csv
2020-11-02 07:58:49 ERROR: Completed validating input file ./Users.csv
2020-11-02 07:58:49 INFO: Validating the configuration file./Settings.xml
2020-11-02 07:58:49 ERROR: Completed validating configuration file ./Settings.xml
2020-11-02 07:58:49 INFO: Getting users from active directory server adserver.domain.local
2020-11-02 07:58:49 ERROR: The term 'Get-ADUser' is not recognized as the name of a cmdlet, function, script file, or operable program.
Check the spelling of the name, or if a path was included, verify that the path is correct and try again.
2020-11-02 07:58:49 INFO: Unhandled exception occured. Exiting application.
2020-11-02 08:18:01 INFO: Starting the execution for password expiry mail notification.
2020-11-02 08:18:01 INFO: Validating the input file./Users.csv
2020-11-02 08:18:01 ERROR: Completed validating input file ./Users.csv
2020-11-02 08:18:01 INFO: Validating the configuration file./Settings.xml
2020-11-02 08:18:01 ERROR: Completed validating configuration file ./Settings.xml
2020-11-02 08:18:01 INFO: Getting users from active directory server adserver.domain.local
2020-11-02 08:18:01 ERROR: The term 'Get-ADUser' is not recognized as the name of a cmdlet, function, script file, or operable program.
Check the spelling of the name, or if a path was included, verify that the path is correct and try again.
2020-11-02 08:18:01 INFO: Unhandled exception occured. Exiting application.
